<?xml version="1.0" encoding="utf-8"?><testsuites name="pytest tests"><testsuite name="pytest" errors="0" failures="0" skipped="0" tests="54" time="6.872" timestamp="2026-07-15T06:33:06.089969+00:00" hostname="agent-env-2c237ee3-86ba-44d8-ba03-d25e732e47fd"><testcase classname="backend.tests.backend_test" name="test_health" time="0.290" /><testcase classname="backend.tests.backend_test" name="test_register" time="0.282" /><testcase classname="backend.tests.backend_test" name="test_register_duplicate_email" time="0.057" /><testcase classname="backend.tests.backend_test" name="test_login" time="0.277" /><testcase classname="backend.tests.backend_test" name="test_login_wrong_password" time="0.279" /><testcase classname="backend.tests.backend_test" name="test_refresh" time="0.057" /><testcase classname="backend.tests.backend_test" name="test_me" time="0.056" /><testcase classname="backend.tests.backend_test" name="test_me_unauthenticated" time="0.125" /><testcase classname="backend.tests.backend_test" name="test_google_login" time="0.055" /><testcase classname="backend.tests.backend_test" name="test_change_password_wrong_old" time="0.277" /><testcase classname="backend.tests.backend_test" name="test_change_password_success" time="0.998" /><testcase classname="backend.tests.backend_test" name="test_forgot_and_reset_password" time="0.335" /><testcase classname="backend.tests.backend_test" name="test_home_feed" time="0.065" /><testcase classname="backend.tests.backend_test" name="test_categories" time="0.054" /><testcase classname="backend.tests.backend_test" name="test_restaurants_list" time="0.056" /><testcase classname="backend.tests.backend_test" name="test_restaurants_filters" time="0.168" /><testcase classname="backend.tests.backend_test" name="test_restaurant_detail" time="0.058" /><testcase classname="backend.tests.backend_test" name="test_foods_list_filter" time="0.109" /><testcase classname="backend.tests.backend_test" name="test_coupons_list" time="0.055" /><testcase classname="backend.tests.backend_test" name="test_coupon_apply[WELCOME50-250.0-200]" time="0.056" /><testcase classname="backend.tests.backend_test" name="test_coupon_apply[WELCOME50-100.0-400]" time="0.054" /><testcase classname="backend.tests.backend_test" name="test_coupon_apply[SHIPPZU100-600.0-200]" time="0.056" /><testcase classname="backend.tests.backend_test" name="test_coupon_apply[SAVE20-400.0-200]" time="0.055" /><testcase classname="backend.tests.backend_test" name="test_coupon_apply[FEAST30-700.0-200]" time="0.056" /><testcase classname="backend.tests.backend_test" name="test_coupon_apply[INVALIDXX-500.0-404]" time="0.055" /><testcase classname="backend.tests.backend_test" name="test_address_create" time="0.057" /><testcase classname="backend.tests.backend_test" name="test_address_list_verifies" time="0.056" /><testcase classname="backend.tests.backend_test" name="test_address_default_exclusivity" time="0.112" /><testcase classname="backend.tests.backend_test" name="test_address_update" time="0.058" /><testcase classname="backend.tests.backend_test" name="test_address_delete" time="0.114" /><testcase classname="backend.tests.backend_test" name="test_order_quote_math" time="0.057" /><testcase classname="backend.tests.backend_test" name="test_order_quote_with_coupon" time="0.055" /><testcase classname="backend.tests.backend_test" name="test_place_order_cod" time="0.068" /><testcase classname="backend.tests.backend_test" name="test_place_order_razorpay_stub" time="0.056" /><testcase classname="backend.tests.backend_test" name="test_verify_payment_stub" time="0.137" /><testcase classname="backend.tests.backend_test" name="test_list_orders_sorted_desc" time="0.054" /><testcase classname="backend.tests.backend_test" name="test_advance_order_status_flow" time="0.335" /><testcase classname="backend.tests.backend_test" name="test_cancel_after_delivered_fails" time="0.057" /><testcase classname="backend.tests.backend_test" name="test_cancel_placed_order" time="0.113" /><testcase classname="backend.tests.backend_test" name="test_notifications" time="0.058" /><testcase classname="backend.tests.backend_test" name="test_mark_read" time="0.057" /><testcase classname="backend.tests.backend_test" name="test_mark_all_read" time="0.113" /><testcase classname="backend.tests.backend_test" name="test_favourites_toggle_restaurant" time="0.062" /><testcase classname="backend.tests.backend_test" name="test_favourites_toggle_food" time="0.059" /><testcase classname="backend.tests.backend_test" name="test_favourites_list_hydrated" time="0.056" /><testcase classname="backend.tests.backend_test" name="test_review_add" time="0.059" /><testcase classname="backend.tests.backend_test" name="test_review_invalid_rating" time="0.055" /><testcase classname="backend.tests.backend_test" name="test_review_list" time="0.059" /><testcase classname="backend.tests.backend_test" name="test_protected_endpoints_unauth[GET-/food/home]" time="0.143" /><testcase classname="backend.tests.backend_test" name="test_protected_endpoints_unauth[GET-/food/orders]" time="0.127" /><testcase classname="backend.tests.backend_test" name="test_protected_endpoints_unauth[GET-/food/addresses]" time="0.165" /><testcase classname="backend.tests.backend_test" name="test_protected_endpoints_unauth[GET-/food/notifications]" time="0.129" /><testcase classname="backend.tests.backend_test" name="test_protected_endpoints_unauth[GET-/food/favourites]" time="0.133" /><testcase classname="backend.tests.backend_test" name="test_protected_endpoints_unauth[POST-/food/coupons/apply]" time="0.162" /></testsuite></testsuites>