<?xml version="1.0" encoding="utf-8"?><testsuites name="pytest tests"><testsuite name="pytest" errors="0" failures="0" skipped="0" tests="54" time="6.010" timestamp="2026-07-15T05:15:33.082557+00:00" hostname="agent-env-2c237ee3-86ba-44d8-ba03-d25e732e47fd"><testcase classname="backend.tests.backend_test" name="test_health" time="0.253" /><testcase classname="backend.tests.backend_test" name="test_register" time="0.271" /><testcase classname="backend.tests.backend_test" name="test_register_duplicate_email" time="0.042" /><testcase classname="backend.tests.backend_test" name="test_login" time="0.303" /><testcase classname="backend.tests.backend_test" name="test_login_wrong_password" time="0.265" /><testcase classname="backend.tests.backend_test" name="test_refresh" time="0.048" /><testcase classname="backend.tests.backend_test" name="test_me" time="0.043" /><testcase classname="backend.tests.backend_test" name="test_me_unauthenticated" time="0.094" /><testcase classname="backend.tests.backend_test" name="test_google_login" time="0.044" /><testcase classname="backend.tests.backend_test" name="test_change_password_wrong_old" time="0.266" /><testcase classname="backend.tests.backend_test" name="test_change_password_success" time="0.973" /><testcase classname="backend.tests.backend_test" name="test_forgot_and_reset_password" time="0.307" /><testcase classname="backend.tests.backend_test" name="test_home_feed" time="0.054" /><testcase classname="backend.tests.backend_test" name="test_categories" time="0.045" /><testcase classname="backend.tests.backend_test" name="test_restaurants_list" time="0.047" /><testcase classname="backend.tests.backend_test" name="test_restaurants_filters" time="0.126" /><testcase classname="backend.tests.backend_test" name="test_restaurant_detail" time="0.047" /><testcase classname="backend.tests.backend_test" name="test_foods_list_filter" time="0.085" /><testcase classname="backend.tests.backend_test" name="test_coupons_list" time="0.043" /><testcase classname="backend.tests.backend_test" name="test_coupon_apply[WELCOME50-250.0-200]" time="0.049" /><testcase classname="backend.tests.backend_test" name="test_coupon_apply[WELCOME50-100.0-400]" time="0.043" /><testcase classname="backend.tests.backend_test" name="test_coupon_apply[SHIPPZU100-600.0-200]" time="0.043" /><testcase classname="backend.tests.backend_test" name="test_coupon_apply[SAVE20-400.0-200]" time="0.059" /><testcase classname="backend.tests.backend_test" name="test_coupon_apply[FEAST30-700.0-200]" time="0.053" /><testcase classname="backend.tests.backend_test" name="test_coupon_apply[INVALIDXX-500.0-404]" time="0.043" /><testcase classname="backend.tests.backend_test" name="test_address_create" time="0.053" /><testcase classname="backend.tests.backend_test" name="test_address_list_verifies" time="0.041" /><testcase classname="backend.tests.backend_test" name="test_address_default_exclusivity" time="0.125" /><testcase classname="backend.tests.backend_test" name="test_address_update" time="0.060" /><testcase classname="backend.tests.backend_test" name="test_address_delete" time="0.084" /><testcase classname="backend.tests.backend_test" name="test_order_quote_math" time="0.045" /><testcase classname="backend.tests.backend_test" name="test_order_quote_with_coupon" time="0.043" /><testcase classname="backend.tests.backend_test" name="test_place_order_cod" time="0.045" /><testcase classname="backend.tests.backend_test" name="test_place_order_razorpay_stub" time="0.043" /><testcase classname="backend.tests.backend_test" name="test_verify_payment_stub" time="0.087" /><testcase classname="backend.tests.backend_test" name="test_list_orders_sorted_desc" time="0.042" /><testcase classname="backend.tests.backend_test" name="test_advance_order_status_flow" time="0.260" /><testcase classname="backend.tests.backend_test" name="test_cancel_after_delivered_fails" time="0.042" /><testcase classname="backend.tests.backend_test" name="test_cancel_placed_order" time="0.096" /><testcase classname="backend.tests.backend_test" name="test_notifications" time="0.044" /><testcase classname="backend.tests.backend_test" name="test_mark_read" time="0.045" /><testcase classname="backend.tests.backend_test" name="test_mark_all_read" time="0.086" /><testcase classname="backend.tests.backend_test" name="test_favourites_toggle_restaurant" time="0.054" /><testcase classname="backend.tests.backend_test" name="test_favourites_toggle_food" time="0.081" /><testcase classname="backend.tests.backend_test" name="test_favourites_list_hydrated" time="0.043" /><testcase classname="backend.tests.backend_test" name="test_review_add" time="0.056" /><testcase classname="backend.tests.backend_test" name="test_review_invalid_rating" time="0.041" /><testcase classname="backend.tests.backend_test" name="test_review_list" time="0.045" /><testcase classname="backend.tests.backend_test" name="test_protected_endpoints_unauth[GET-/food/home]" time="0.114" /><testcase classname="backend.tests.backend_test" name="test_protected_endpoints_unauth[GET-/food/orders]" time="0.092" /><testcase classname="backend.tests.backend_test" name="test_protected_endpoints_unauth[GET-/food/addresses]" time="0.098" /><testcase classname="backend.tests.backend_test" name="test_protected_endpoints_unauth[GET-/food/notifications]" time="0.119" /><testcase classname="backend.tests.backend_test" name="test_protected_endpoints_unauth[GET-/food/favourites]" time="0.129" /><testcase classname="backend.tests.backend_test" name="test_protected_endpoints_unauth[POST-/food/coupons/apply]" time="0.143" /></testsuite></testsuites>